
--- Run started at 2026-03-13 19:42:28 ---
Starting Greythr Auto Sign-In process...
Attempting to login...
Page navigated. Waiting for login fields...
Credentials entered. Clicking login...
Login click dispatched. Waiting for dashboard (up to 40s)...
Logged in successfully. Navigating to Leave History...
Leave check finished. Status: NO_LEAVE
No leave detected. Proceeding to sign-in page...
Navigating to Home Dashboard...
Home page loaded. Waiting for attendance widget...
Searching for sign-in button...
Success: CLICKED: SIGN IN ✅
Waiting for success banner to appear and then taking screenshot...
Screenshot successfully saved to screenshots/signin_2026-03-13_19-42-59.png

--- Run started at 2026-03-13 19:43:14 ---
Starting Greythr Auto Sign-In process...
Attempting to login...
Page navigated. Waiting for login fields...
Credentials entered. Clicking login...
Login click dispatched. Waiting for dashboard (up to 40s)...
Logged in successfully. Navigating to Leave History...
Leave check finished. Status: NO_LEAVE
No leave detected. Proceeding to sign-in page...
Navigating to Home Dashboard...
Home page loaded. Waiting for attendance widget...

--- Run started at 2026-03-13 19:43:26 ---
Starting Greythr Auto Sign-In process...
Attempting to login...
Page navigated. Waiting for login fields...
Credentials entered. Clicking login...
Login click dispatched. Waiting for dashboard (up to 40s)...
Searching for sign-in button...
Success: CLICKED: SIGN IN ✅
Waiting for success banner to appear and then taking screenshot...
Logged in successfully. Navigating to Leave History...
Screenshot successfully saved to screenshots/signin_2026-03-13_19-43-41.png
Leave check finished. Status: NO_LEAVE
No leave detected. Proceeding to sign-in page...
Navigating to Home Dashboard...
Home page loaded. Waiting for attendance widget...
Searching for sign-in button...
Success: CLICKED: SIGN IN ✅
Waiting for success banner to appear and then taking screenshot...
Screenshot successfully saved to screenshots/signin_2026-03-13_19-43-58.png

--- Run started at 2026-03-13 19:47:05 ---
Starting Greythr Auto Sign-In process...
Attempting to login...
Page navigated. Waiting for login fields...
Credentials entered. Clicking login...
Login click dispatched. Waiting for dashboard (up to 40s)...
Logged in successfully. Navigating to Leave History...
Leave check finished. Status: NO_LEAVE
No leave detected. Proceeding to sign-in page...
Navigating to Home Dashboard...
Home page loaded. Waiting for attendance widget...
Searching for sign-in button...
Success: CLICKED: SIGN IN ✅
Waiting for success banner to appear and then taking screenshot...
Screenshot successfully saved to screenshots/signin_2026-03-13_19-47-34.png
